<?xml version="1.0" encoding="UTF-8"?>
<testng-results ignored="0" total="2" passed="2" failed="0" skipped="0">
  <reporter-output>
  </reporter-output>
  <suite started-at="2025-03-26T04:21:41Z" name="Default suite" finished-at="2025-03-26T04:23:41Z" duration-ms="120691">
    <groups>
    </groups>
    <test started-at="2025-03-26T04:21:41Z" name="Default test" finished-at="2025-03-26T04:23:41Z" duration-ms="120691">
      <class name="com.example.GGSearch">
        <test-method is-config="true" signature="setUp()[pri:0, instance:com.example.GGSearch@61c4eee0]" started-at="2025-03-26T04:21:41Z" name="setUp" finished-at="2025-03-26T04:21:54Z" duration-ms="12989" status="PASS">
          <reporter-output>
          </reporter-output>
        </test-method> <!-- setUp -->
        <test-method signature="testGGSearch()[pri:0, instance:com.example.GGSearch@61c4eee0]" started-at="2025-03-26T04:21:54Z" name="testGGSearch" finished-at="2025-03-26T04:22:31Z" duration-ms="37506" status="PASS">
          <reporter-output>
          </reporter-output>
        </test-method> <!-- testGGSearch -->
        <test-method is-config="true" signature="tearDown()[pri:0, instance:com.example.GGSearch@61c4eee0]" started-at="2025-03-26T04:22:31Z" name="tearDown" finished-at="2025-03-26T04:22:44Z" duration-ms="12811" status="PASS">
          <reporter-output>
          </reporter-output>
        </test-method> <!-- tearDown -->
      </class> <!-- com.example.GGSearch -->
      <class name="com.example.FacebookLogin">
        <test-method is-config="true" signature="setUp()[pri:0, instance:com.example.FacebookLogin@6f10d5b6]" started-at="2025-03-26T04:22:44Z" name="setUp" finished-at="2025-03-26T04:22:55Z" duration-ms="10446" status="PASS">
          <reporter-output>
          </reporter-output>
        </test-method> <!-- setUp -->
        <test-method signature="testFacebookLogin()[pri:0, instance:com.example.FacebookLogin@6f10d5b6]" started-at="2025-03-26T04:22:55Z" name="testFacebookLogin" finished-at="2025-03-26T04:23:35Z" duration-ms="39855" status="PASS">
          <reporter-output>
          </reporter-output>
        </test-method> <!-- testFacebookLogin -->
        <test-method is-config="true" signature="tearDown()[pri:0, instance:com.example.FacebookLogin@6f10d5b6]" started-at="2025-03-26T04:23:35Z" name="tearDown" finished-at="2025-03-26T04:23:41Z" duration-ms="6536" status="PASS">
          <reporter-output>
          </reporter-output>
        </test-method> <!-- tearDown -->
      </class> <!-- com.example.FacebookLogin -->
    </test> <!-- Default test -->
  </suite> <!-- Default suite -->
</testng-results>
